2020-12-17 12:16:59,599 - Main - INFO - Validating source and target directories...
2020-12-17 12:16:59,601 - Main - WARNING - Either source or target directory does not exist, attempting to create given locations...
2020-12-17 12:16:59,602 - Main - WARNING - Could not validate either source or target directory. Attempting to create directories...
2020-12-17 12:16:59,604 - Main - INFO - Directory(-ies) created successfully!
2020-12-17 12:16:59,615 - Main - INFO - All directories OK!
2020-12-17 12:16:59,616 - Main - ERROR - No images were found in the source directory!
2020-12-17 12:16:59,616 - Main - INFO - Please make sure you have images in the source directory, the default directory is: PIC/images/
2020-12-17 12:16:59,616 - Main - INFO - Conversion complete! Opening target directory...
2020-12-17 12:18:12,479 - Main - INFO - Validating source and target directories...
2020-12-17 12:18:12,480 - Main - INFO - All directories OK!
2020-12-17 12:18:12,480 - Main - INFO - 1 image(s) found!
2020-12-17 12:18:12,517 - Main - INFO - Successfully saved file: December 17 2020 12 18 12-example.jpg-paintable-contours
2020-12-17 12:18:12,518 - Main - INFO - Conversion complete! Opening target directory...
2020-12-17 12:19:17,125 - Main - INFO - Validating source and target directories...
2020-12-17 12:19:17,126 - Main - INFO - All directories OK!
2020-12-17 12:19:17,126 - Main - INFO - 1 image(s) found!
2020-12-17 12:19:17,144 - Main - INFO - Successfully saved file: December 17 2020 12 19 17-example.jpg-chalk
2020-12-17 12:19:17,146 - Main - INFO - Conversion complete! Opening target directory...
2020-12-17 16:06:03,867 - Main - ERROR - You cannot use the delete with the organise flag!
2020-12-17 16:06:03,868 - Main - INFO - Usage: python app.py [-i/--input <source_directory>] [-o/--output <output_directory>] [-d/--delete] [-s/--sort] [-a/--auto] [-ns/--noshow]
Where -d and -s cannot be used simultaneously
2020-12-17 16:07:13,736 - Main - INFO - Validating source and target directories...
2020-12-17 16:07:13,736 - Main - WARNING - Either source or target directory does not exist, attempting to create given locations...
2020-12-17 16:07:13,737 - Main - WARNING - Could not validate either source or target directory. Attempting to create directories...
2020-12-17 16:07:13,737 - Main - ERROR - Failed to create source or target directory! Try running with elevated priviliges
If this issue persists, specify the directories manually
2020-12-17 16:07:13,737 - Main - INFO - Conversion complete! Files can be found at: F:\Lina's_image_converter\PIC\PIC\converted_images
2020-12-17 16:08:25,850 - Main - INFO - Validating source and target directories...
2020-12-17 16:08:25,850 - Main - WARNING - Either source or target directory does not exist, attempting to create given locations...
2020-12-17 16:08:25,850 - Main - WARNING - Could not validate either source or target directory. Attempting to create directories...
2020-12-17 16:08:25,850 - Main - ERROR - Failed to create source or target directory! Try running with elevated priviliges
If this issue persists, specify the directories manually
2020-12-17 16:09:05,879 - Main - INFO - Validating source and target directories...
2020-12-17 16:09:05,879 - Main - WARNING - Either source or target directory does not exist, attempting to create given locations...
2020-12-17 16:09:05,880 - Main - WARNING - Could not validate either source or target directory. Attempting to create directories...
2020-12-17 16:09:05,880 - Main - ERROR - Failed to create source or target directory! Try running with elevated priviliges
If this issue persists, specify the directories manually
2020-12-17 16:09:23,171 - Main - INFO - Validating source and target directories...
2020-12-17 16:09:23,172 - Main - WARNING - Either source or target directory does not exist, attempting to create given locations...
2020-12-17 16:09:23,172 - Main - WARNING - Could not validate either source or target directory. Attempting to create directories...
2020-12-17 16:09:23,172 - Main - ERROR - Failed to create source or target directory! Try running with elevated priviliges
If this issue persists, specify the directories manually
2020-12-17 16:10:09,840 - Main - INFO - Validating source and target directories...
2020-12-17 16:10:09,840 - Main - WARNING - Either source or target directory does not exist, attempting to create given locations...
2020-12-17 16:10:09,841 - Main - WARNING - Could not validate either source or target directory. Attempting to create directories...
2020-12-17 16:10:09,841 - Main - ERROR - Failed to create source or target directory! Try running with elevated priviliges
If this issue persists, specify the directories manually
2020-12-17 16:11:30,180 - Main - INFO - Validating source and target directories...
2020-12-17 16:11:30,181 - Main - WARNING - Either source or target directory does not exist, attempting to create given locations...
2020-12-17 16:11:30,181 - Main - WARNING - Could not validate either source or target directory. Attempting to create directories...
2020-12-17 16:11:30,181 - Main - ERROR - Failed to create source or target directory! Try running with elevated priviliges
If this issue persists, specify the directories manually
2020-12-17 16:12:41,043 - Main - INFO - Validating source and target directories...
2020-12-17 16:12:41,043 - Main - WARNING - Either source or target directory does not exist, attempting to create given locations...
2020-12-17 16:12:41,044 - Main - WARNING - Could not validate either source or target directory. Attempting to create directories...
2020-12-17 16:12:41,045 - Main - ERROR - Failed to create source or target directory! Try running with elevated priviliges
If this issue persists, specify the directories manually
2020-12-17 16:13:19,171 - Main - INFO - PIC/images/
2020-12-17 16:13:19,172 - Main - INFO - PIC/converted_images/
2020-12-17 16:13:19,172 - Main - INFO - Validating source and target directories...
2020-12-17 16:13:19,172 - Main - WARNING - Either source or target directory does not exist, attempting to create given locations...
2020-12-17 16:13:19,173 - Main - WARNING - Could not validate either source or target directory. Attempting to create directories...
2020-12-17 16:13:19,173 - Main - ERROR - Failed to create source or target directory! Try running with elevated priviliges
If this issue persists, specify the directories manually
2020-12-17 16:16:05,737 - Main - INFO - ./images/
2020-12-17 16:16:05,737 - Main - INFO - ./converted_images/
2020-12-17 16:16:05,738 - Main - INFO - Validating source and target directories...
2020-12-17 16:16:05,738 - Main - INFO - All directories OK!
2020-12-17 16:16:05,738 - Main - INFO - 6 image(s) found!
2020-12-17 16:16:05,745 - Main - INFO - Successfully saved file: December 17 2020 16 16 05-16862660_019_0c86.jpg-paintable-contours
2020-12-17 16:16:05,758 - Main - INFO - Successfully saved file: December 17 2020 16 16 05-77862563_008_c96f.jpg-paintable-contours
2020-12-17 16:16:05,770 - Main - INFO - Successfully saved file: December 17 2020 16 16 05-77862563_014_4656.jpg-paintable-contours
2020-12-17 16:16:05,783 - Main - INFO - Successfully saved file: December 17 2020 16 16 05-77862563_015_420c.jpg-paintable-contours
2020-12-17 16:16:05,796 - Main - INFO - Successfully saved file: December 17 2020 16 16 05-77862563_017_13c6.jpg-paintable-contours
2020-12-17 16:16:05,810 - Main - INFO - Successfully saved file: December 17 2020 16 16 05-77862563_027_58dd.jpg-paintable-contours
2020-12-17 16:16:05,815 - Main - INFO - Conversion complete! Opening target directory...
2020-12-17 16:16:38,456 - Main - INFO - ./images/
2020-12-17 16:16:38,456 - Main - INFO - ./converted_images/
2020-12-17 16:16:38,456 - Main - INFO - Validating source and target directories...
2020-12-17 16:16:38,456 - Main - INFO - All directories OK!
2020-12-17 16:16:38,456 - Main - INFO - 6 image(s) found!
2020-12-17 16:16:38,463 - Main - INFO - Successfully saved file: December 17 2020 16 16 38-16862660_019_0c86.jpg-paintable-contours
2020-12-17 16:16:38,475 - Main - INFO - Successfully saved file: December 17 2020 16 16 38-77862563_008_c96f.jpg-paintable-contours
2020-12-17 16:16:38,487 - Main - INFO - Successfully saved file: December 17 2020 16 16 38-77862563_014_4656.jpg-paintable-contours
2020-12-17 16:16:38,500 - Main - INFO - Successfully saved file: December 17 2020 16 16 38-77862563_015_420c.jpg-paintable-contours
2020-12-17 16:16:38,512 - Main - INFO - Successfully saved file: December 17 2020 16 16 38-77862563_017_13c6.jpg-paintable-contours
2020-12-17 16:16:38,525 - Main - INFO - Successfully saved file: December 17 2020 16 16 38-77862563_027_58dd.jpg-paintable-contours
2020-12-17 16:16:38,537 - Main - INFO - Conversion complete! Files can be found at: F:\Lina's_image_converter\PIC\converted_images
2020-12-17 16:17:53,108 - Main - INFO - Usage: python app.py [-i/--input <source_directory>] [-o/--output <output_directory>] [-d/--delete] [-s/--sort] [-a/--auto] [-ns/--noshow]
Where -d and -s cannot be used simultaneously
2020-12-17 16:18:14,592 - Main - INFO - ./images/
2020-12-17 16:18:14,592 - Main - INFO - ./converted_images/
2020-12-17 16:18:14,593 - Main - INFO - Validating source and target directories...
2020-12-17 16:18:14,593 - Main - INFO - All directories OK!
2020-12-17 16:18:14,593 - Main - INFO - 6 image(s) found!
2020-12-17 16:18:14,601 - Main - INFO - Successfully saved file: December 17 2020 16 18 14-16862660_019_0c86.jpg-paintable-contours
2020-12-17 16:18:14,614 - Main - INFO - Successfully saved file: December 17 2020 16 18 14-77862563_008_c96f.jpg-paintable-contours
2020-12-17 16:18:14,626 - Main - INFO - Successfully saved file: December 17 2020 16 18 14-77862563_014_4656.jpg-paintable-contours
2020-12-17 16:18:14,641 - Main - INFO - Successfully saved file: December 17 2020 16 18 14-77862563_015_420c.jpg-paintable-contours
2020-12-17 16:18:14,656 - Main - INFO - Successfully saved file: December 17 2020 16 18 14-77862563_017_13c6.jpg-paintable-contours
2020-12-17 16:18:14,672 - Main - INFO - Successfully saved file: December 17 2020 16 18 14-77862563_027_58dd.jpg-paintable-contours
2020-12-17 16:18:14,679 - Main - INFO - Conversion complete! Files can be found at: F:\Lina's_image_converter\PIC\converted_images
